Unity Player [version: Unity 5.5.1f1_88d00a7498cd]

Unknown caused an Access Violation (0xc0000005)
  in module Unknown at 0023:043a0008.

Error occurred at 2017-04-06_084246.
C:\Users\User\Documents\GitHub\maggies-story\maggiesstory\firstBuild_Maggie.exe, run by User.
75% memory in use.
0 MB physical memory [1788 MB free].
0 MB paging file [0 MB free].
0 MB user address space [3793 MB free].
Write to location 00000000 caused an access violation.

Context:
EDI:    0x00000000  ESI: 0x00000000  EAX:   0x00000000
EBX:    0x043a0008  ECX: 0x043a0008  EDX:   0x00000000
EIP:    0x043a0008  EBP: 0x01b4e310  SegCs: 0x00000023
EFlags: 0x00210206  ESP: 0x01b4e2e8  SegSs: 0x0000002b

Bytes at CS:EIP:
00 00 3a 04 00 00 3a 04 00 00 00 00 00 00 00 00 

Stack:
0x01b4e2e8: 74d1d2b3 00150f34 00000090 00000000 ...t4...........
0x01b4e2f8: 00000000 00000000 dcbaabcd 043a0008 ..............:.
0x01b4e308: 00000000 00000000 01b4e3f8 74cfe88a ...............t
0x01b4e318: 043a0008 00150f34 00000090 00000000 ..:.4...........
0x01b4e328: 00000000 e9e96a26 80000000 40000000 ....&j.........@
0x01b4e338: 00000090 ebc9271b 00000010 742b48f0 .....'.......H+t
0x01b4e348: 76f23471 00000000 00000000 00000000 q4.v............
0x01b4e358: 00000000 00000000 00000000 740243e8 .............C.t
0x01b4e368: 00000000 00000000 00000000 00000000 ................
0x01b4e378: 00000024 00000001 00000000 00000000 $...............
0x01b4e388: 00000030 ffffffff ffffffff 74cfe71c 0..............t
0x01b4e398: 00000000 00000000 00000000 00000000 ................
0x01b4e3a8: 00000000 00000000 043a0008 00000000 ..........:.....
0x01b4e3b8: 021609f8 00000000 00000011 00000000 ................
0x01b4e3c8: 00000000 00000011 00000000 00000001 ................
0x01b4e3d8: 00150f34 e9e96a26 01b4e424 01b4dd18 4...&j..$.......
0x01b4e3e8: 01b4e448 74d215b0 9c84c65e 00000000 H......t^.......
0x01b4e3f8: 01b4e458 74cfe4c0 043a0008 00000000 X......t..:.....
0x01b4e408: 00000090 00000000 00000000 006a2000 ............. j.
0x01b4e418: 00000001 e9e96d86 00000010 772c24b0 .....m.......$,w
0x01b4e428: 00000000 00000000 00000000 00000000 ................
0x01b4e438: 00150f34 00000000 01b4e41c 01b4dd18 4...............
0x01b4e448: 01b4e4a8 74d215b0 9c84c6be fffffffe .......t........
0x01b4e458: 01b4e498 74d08b09 023e60d0 00000000 .......t.`>.....
0x01b4e468: 00000090 00000000 00000000 043a0008 ..............:.
0x01b4e478: 00150f34 00000000 00000000 00000000 4...............
0x01b4e488: 00000000 00000000 00000000 e9e96d46 ............Fm..
0x01b4e498: 01b4e514 772b08c6 01b4e4b4 00000020 ......+w.... ...
0x01b4e4a8: 01b4e618 772b0810 01b4e4d4 023e60d0 ......+w.....`>.
0x01b4e4b8: 00000000 00000090 00000000 00000000 ................
0x01b4e4c8: 043a0008 772c24b0 006f0053 00ec88a6 ..:..$,wS.o.....
0x01b4e4d8: 00150f34 00000000 00000000 00ec84a0 4...............
0x01b4e4e8: 050f13e0 05103580 00000000 00000000 .....5..........
0x01b4e4f8: 7726aed3 00000000 00000000 01b4e518 ..&w............
0x01b4e508: 100f9c6f 00000000 05103580 01b4e540 o........5..@...
0x01b4e518: 74d1d2b3 00150f34 00000010 00000000 ...t4...........
0x01b4e528: 00000000 00000000 dcbaabcd 00ec84a0 ................
0x01b4e538: 00000000 00000000 01b4e628 74cfe88a ........(......t
0x01b4e548: 00ec84a0 00150f34 00000010 00000000 ....4...........
0x01b4e558: 00000000 e9e96ff6 80000000 40000000 .....o.........@
0x01b4e568: 00000010 0f273808 00000000 00000070 .....8'.....p...
0x01b4e578: 00000078 038b0000 0000006c 100e9b9f x.......l.......
0x01b4e588: 00000000 038b0000 00000078 038b0000 ........x.......
0x01b4e598: 0000006c 038b0000 0000006c 0bfd56c8 l.......l....V..
0x01b4e5a8: 00000024 00000001 00000000 00000000 $...............
0x01b4e5b8: 00000030 ffffffff ffffffff 74cfe71c 0..............t
0x01b4e5c8: 00000000 00000000 00000000 00000000 ................
0x01b4e5d8: 00000000 00000000 00ec84a0 00000000 ................
0x01b4e5e8: 021609f8 00000000 00000011 00000000 ................
0x01b4e5f8: 00000000 00000011 00000000 00000001 ................
0x01b4e608: 00150f34 e9e96ff6 01b4e654 73137d28 4....o..T...(}.s
0x01b4e618: 01b4e678 74d215b0 9c84c65e 00000000 x......t^.......
0x01b4e628: 01b4e688 74cfe4c0 00ec84a0 00000000 .......t........
0x01b4e638: 00000010 00000000 00000000 006a2000 ............. j.
0x01b4e648: 00000001 e9e96f56 80000000 772c24b0 ....Vo.......$,w
0x01b4e658: 00000010 00000000 00000000 00000000 ................
0x01b4e668: 00150f34 00000000 01b4e64c 00000000 4.......L.......
0x01b4e678: 01b4e6d8 74d215b0 9c84c6be fffffffe .......t........
0x01b4e688: 01b4e6c8 74d08b09 023e60d0 00000000 .......t.`>.....
0x01b4e698: 00000010 00000000 00000000 00ec84a0 ................
0x01b4e6a8: 74d1e850 00000000 00000000 00000000 P..t............
0x01b4e6b8: 00000008 00000000 00000000 e9e96f16 .............o..
0x01b4e6c8: 01b4e770 772b08c6 01b4e6e4 00000020 p.....+w.... ...
0x01b4e6d8: 01b4e948 772b0810 01b4e708 023e60d0 H.....+w.....`>.
0x01b4e6e8: 00000000 00000010 00000000 00000000 ................
0x01b4e6f8: 00ec84a0 772c24b0 00000000 742e24fc .....$,w.....$.t
0x01b4e708: 74d00d98 00150f34 00000010 00000000 ...t4...........
0x01b4e718: 00000000 00000000 000002b1 00000000 ................
0x01b4e728: 00000000 023e60d0 00000010 00000008 .....`>.........
0x01b4e738: 00000000 772b0810 00b4e750 00ec84a0 ......+wP.......
0x01b4e748: 00000000 742e2a3c 00150f34 00150f34 ....<*.t4...4...
0x01b4e758: fffffffc ffff0f13 00000000 00ec84a0 ................
0x01b4e768: 40000000 e9e96eea 01b4e7a8 74d00c00 ...@.n.........t
0x01b4e778: 023e60d0 00000000 00000000 00000000 .`>.............
0x01b4e788: 00000000 00000000 00000010 fffffffc ................
0x01b4e798: ffff0f13 0f38e688 01b4e7c8 e9e96e4a ......8.....Jn..
0x01b4e7a8: 01b4e7e8 05599746 00150f34 00000010 ....F.Y.4.......
0x01b4e7b8: 00000000 00000000 01b4e7e8 01b4eaf4 ................
0x01b4e7c8: 038b27d8 00000000 05599729 00000010 .'......).Y.....
0x01b4e7d8: 00000000 00000000 01b4e7e8 0559971c ..............Y.
0x01b4e7e8: 01b4e808 05591adf 00150f34 00000010 ......Y.4.......
0x01b4e7f8: 00000000 00000000 fffffdcb 043a0008 ..............:.
0x01b4e808: 01b4e844 043a007c 04f9dd20 00150f34 D...|.:. ...4...
0x01b4e818: 00000010 00000000 00000000 00000000 ................
0x01b4e828: 7726aed3 01b4e840 00800000 00800000 ..&w@...........
0x01b4e838: 0f274e58 00000005 008007d0 01b4e870 XN'.........p...
0x01b4e848: 74d1d2b3 00150f34 00000010 00000000 ...t4...........
0x01b4e858: 00000000 00000000 dcbaabcd 043a0008 ..............:.
0x01b4e868: 00000000 00000000 01b4e958 74cfe88a ........X......t
0x01b4e878: 043a0008 00150f34 00000010 00000000 ..:.4...........
0x01b4e888: 00000000 e9e96086 80000000 40000000 .....`.........@
0x01b4e898: 00000010 0f274e58 00000005 00000000 ....XN'.........
0x01b4e8a8: 0bfd58f8 00000064 0f364db8 0f2fc050 .X..d....M6.P./.
0x01b4e8b8: 00000000 0f364db8 0f229268 0f35e5f0 .....M6.h."...5.
0x01b4e8c8: 00000339 0f391240 0559970f 01b4e8f0 9...@.9...Y.....
0x01b4e8d8: 00000024 00000001 00000000 00000000 $...............
0x01b4e8e8: 00000030 ffffffff ffffffff 74cfe71c 0..............t
0x01b4e8f8: 00000000 00000000 00000000 00000000 ................
0x01b4e908: 00000000 00000000 043a0008 00000000 ..........:.....
0x01b4e918: 021609f8 00000000 00000011 00000000 ................
0x01b4e928: 00000000 00000011 00000000 00000001 ................
0x01b4e938: 00150f34 e9e96086 01b4e984 73137d28 4....`......(}.s
0x01b4e948: 01b4e9a8 74d215b0 9c84c65e 00000000 .......t^.......
0x01b4e958: 01b4e9b8 74cfe4c0 043a0008 00000000 .......t..:.....
0x01b4e968: 00000010 00000000 00000000 006a2000 ............. j.
0x01b4e978: 00000001 e9e96066 80000000 772c24b0 ....f`.......$,w
0x01b4e988: 00000010 00000000 00000000 00000000 ................
0x01b4e998: 00150f34 00000000 01b4e97c 00000000 4.......|.......
0x01b4e9a8: 01b4ea08 74d215b0 9c84c6be fffffffe .......t........
0x01b4e9b8: 01b4e9f8 74d08b09 023e60d0 00000000 .......t.`>.....
0x01b4e9c8: 00000010 00000000 00000000 043a0008 ..............:.
0x01b4e9d8: 74d1e850 00000000 00000000 00000000 P..t............
0x01b4e9e8: 05599718 00000000 00000000 e9e96026 ..Y.........&`..
0x01b4e9f8: 01b4eaa0 772b08c6 01b4ea14 00000020 ......+w.... ...
0x01b4ea08: 01b4ec70 772b0810 01b4ea38 023e60d0 p.....+w8....`>.
0x01b4ea18: 00000000 00000010 00000000 00000000 ................
0x01b4ea28: 043a0008 772c24b0 00000200 742e24fc ..:..$,w.....$.t
0x01b4ea38: 74d00d98 00150f34 00000010 00000000 ...t4...........
0x01b4ea48: 00000000 00000000 000002b1 00000000 ................
0x01b4ea58: 00000000 023e60d0 00000010 0008a9d2 .....`>.........
0x01b4ea68: 00000000 100eb20a 00591a50 05591adf ........P.Y...Y.
0x01b4ea78: 05599718 00000000 00150f34 00000010 ..Y.....4.......
0x01b4ea88: fffffffc 043a0008 00000000 043a0008 ......:.......:.
0x01b4ea98: 40000000 e9e963ba 01b4ead8 74d00c00 ...@.c.........t
0x01b4eaa8: 023e60d0 00000000 00000000 00000000 .`>.............
0x01b4eab8: 00000000 00000000 00000010 05591adf ..............Y.
0x01b4eac8: 05599718 00000000 01b4f0e5 e9e9631a ..Y..........c..
0x01b4ead8: 01b4eb18 05599746 00150f34 00000010 ....F.Y.4.......
0x01b4eae8: 00000000 00000000 01b4eb18 01b4f0e4 ................
0x01b4eaf8: 038b27d8 00000000 05599729 00000010 .'......).Y.....
0x01b4eb08: 00000000 00000000 01b4eb18 0559971c ..............Y.
0x01b4eb18: 01b4eb38 05591adf 00150f34 00000010 8.....Y.4.......
0x01b4eb28: 00000000 00000000 fffffdcb 043a01d0 ..............:.
0x01b4eb38: 01b4eb6c 043a0244 04f9dc30 00150f34 l...D.:.0...4...
0x01b4eb48: 00000010 00000000 00000000 00000000 ................
0x01b4eb58: 00000000 00000000 00000000 00000000 ................
0x01b4eb68: 00000000 01b4eb98 74d1d2b3 00150f34 ...........t4...
0x01b4eb78: 00000010 00000000 00000000 00000000 ................
0x01b4eb88: dcbaabcd 043a01d0 00000000 00000000 ......:.........
0x01b4eb98: 01b4ec80 74cfe88a 043a01d0 00150f34 .......t..:.4...
0x01b4eba8: 00000010 00000000 00000000 e9e9655e ............^e..
0x01b4ebb8: 80000000 40000000 00000010 043a0008 .......@......:.
0x01b4ebc8: 00000000 021609f8 00000000 00000011 ................
0x01b4ebd8: 00000000 00000000 00000000 00000000 ................
0x01b4ebe8: 00000001 00150f34 e9e965d2 01b4eee4 ....4....e......
0x01b4ebf8: 00000000 01b4ee08 00000024 00000001 ........$.......
0x01b4ec08: 00000000 00000000 00000030 ffffffff ........0.......
0x01b4ec18: ffffffff 74cfe71c 00000000 00000000 .......t........
0x01b4ec28: 00000000 00000000 00000000 00000000 ................
0x01b4ec38: 043a01d0 00000000 021609f8 00000000 ..:.............
0x01b4ec48: 00000011 00000000 00000000 00000011 ................
0x01b4ec58: 00000000 00000001 00150f34 e9e9655e ........4...^e..
0x01b4ec68: 01b4ecac 73137d28 01b4ecd0 74d215b0 ....(}.s.......t
0x01b4ec78: 9c84c65e 00000000 01b4ece0 74cfe4c0 ^..............t
0x01b4ec88: 043a01d0 00000000 00000010 00000000 ..:.............
0x01b4ec98: 00000000 006a2000 00000001 e9e9653e ..... j.....>e..
0x01b4eca8: 00000000 772c24b0 023e60d0 00000000 .....$,w.`>.....
0x01b4ecb8: 00000000 00000000 00150f34 00000000 ........4.......
0x01b4ecc8: 01b4eca4 00000000 01b4ed30 74d215b0 ........0......t
0x01b4ecd8: 9c84c6be fffffffe 01b4ed20 74d08b09 ........ ......t
0x01b4ece8: 023e60d0 00000000 00000010 00000000 .`>.............
0x01b4ecf8: 00000000 043a01d0 74d1e850 00000000 ......:.P..t....
0x01b4ed08: 00000000 00000000 00000000 00000000 ................
0x01b4ed18: 00000000 e9e964fe 01b4edec 772b08c6 .....d........+w
0x01b4ed28: 01b4ed3c 00000020 01b4ef08 772b0810 <... .........+w
0x01b4ed38: 01b4ed60 023e60d0 00000000 00000010 `....`>.........
0x01b4ed48: 00000000 00000000 043a01d0 772c24b0 ..........:..$,w
0x01b4ed58: 00000050 742e24fc 74cffd0a 00150f34 P....$.t...t4...
0x01b4ed68: 00000112 0000f060 00000000 00000000 ....`...........
0x01b4ed78: 0000029e 00000000 01b4ee7c 023e60d0 ........|....`>.
0x01b4ed88: 00000112 00000004 0000f060 00150f34 ........`...4...
0x01b4ed98: 00000000 00000001 00000000 00000000 ................
0x01b4eda8: 00000070 00000000 ffffffff 74cfe71c p..............t
0x01b4edb8: 023e60d0 00000000 00000000 00000000 .`>.............
0x01b4edc8: 00000000 00000000 043a01d0 00000000 ..........:.....
0x01b4edd8: fffffffe 00000000 00000011 e9e96452 ............Rd..
0x01b4ede8: 00000000 01b4ee08 74cff90b 023e60d0 ...........t.`>.
0x01b4edf8: 00000000 00000000 00000000 74cff8b0 ...............t
0x01b4ee08: 01b4ee28 71a1342e 00150f34 00000112 (....4.q4.......
0x01b4ee18: 0000f060 00000000 038f0818 ecaf8786 `...............
0x01b4ee28: 01b4ee38 71a131b5 00150f34 ecaf8796 8....1.q4.......
0x01b4ee38: 01b4eea4 71a06bb8 038f0818 01b4ee7c .....k.q....|...
0x01b4ee48: 00000112 71a065d0 00000001 74cff8b0 .....e.q.......t
0x01b4ee58: 00000000 00000000 00000000 71a13180 .............1.q
0x01b4ee68: 00150f34 00000001 00000000 00002abc 4............*..
0x01b4ee78: 038f0818 00150f34 00000112 0000f060 ....4.......`...
0x01b4ee88: 00000000 00000004 000004b0 74cff8b0 ...............t
0x01b4ee98: 00000000 00000001 ecaf870a 01b4eeb8 ................
0x01b4eea8: 71a065e8 0000f060 00000000 00000001 .e.q`...........
0x01b4eeb8: 01b4ef18 74cffb93 00150f34 00000112 .......t4.......
0x01b4eec8: 0000f060 00000000 e9e966c6 00000112 `........f......
0x01b4eed8: 0000f060 00000000 00000001 00000000 `...............
0x01b4eee8: 00000000 00000000 00000000 00000000 ................
0x01b4eef8: 00000000 e9e966c6 00ec86e2 00000112 .....f..........
0x01b4ef08: 01b4f06c 74d215b0 9c84c63e 00000000 l......t>.......
0x01b4ef18: 01b4ef68 00ec8a6e 00150f34 00000112 h...n...4.......
0x01b4ef28: 0000f060 00000000 00000000 0000f060 `...........`...
0x01b4ef38: 00ec84a0 74cffb41 e9e96656 000000ff ....A..tVf......
0x01b4ef48: 00000000 7726aed3 00150f34 00000000 ......&w4.......
0x01b4ef58: 00000000 01b4f534 00000000 dcbaabcd ....4...........
0x01b4ef68: 01b4ef94 74d1d2b3 00150f34 00000000 .......t4.......
0x01b4ef78: 0000f060 00000000 0000f060 dcbaabcd `.......`.......
0x01b4ef88: 00ec84a0 00000000 0000f060 01b4f07c ........`...|...
0x01b4ef98: 74cfe88a 00ec84a0 00150f34 00000112 ...t....4.......
0x01b4efa8: 0000f060 00000000 e9e979a2 00ec84a0 `........y......
0x01b4efb8: 00150f34 00000112 fffffffc 00010010 4...............
0x01b4efc8: 039ba620 00008004 01b4f480 7313c295  ..............s
0x01b4efd8: 00000000 00000024 00000001 00000000 ....$...........
0x01b4efe8: 00000000 00000070 ffffffff ffffffff ....p...........
0x01b4eff8: 74cfe71c 00000024 00000001 00000000 ...t$...........
0x01b4f008: 00000000 00000030 ffffffff ffffffff ....0...........
0x01b4f018: 74cfe71c 00000000 00000000 00000000 ...t............
0x01b4f028: 00000000 00000000 00000000 00ec84a0 ................
0x01b4f038: 00000000 021609f8 00000000 00000011 ................
0x01b4f048: 00000000 00000000 00000011 00000000 ................
0x01b4f058: 00000001 00150f34 e9e979a2 00ec84a0 ....4....y......
0x01b4f068: 00000000 01b4f26c 74d215b0 9c84c65e ....l......t^...
0x01b4f078: 00000000 01b4f0b8 74d10128 00ec84a0 ........(..t....
0x01b4f088: 00000000 00000112 0000f060 00000000 ........`.......
0x01b4f098: 00000000 00000000 0000f060 00000112 ........`.......
0x01b4f0a8: 00000000 00000000 00000000 e9e97966 ............fy..
0x01b4f0b8: 01b4f108 05591b8c ffff0f13 00150f34 ......Y.....4...
0x01b4f0c8: 00000112 0000f060 00000000 00000047 ....`.......G...
0x01b4f0d8: 01b4f534 00000000 01b4f108 01b4f2e4 4...............
0x01b4f0e8: 038b27d8 0000f060 05591b69 00000112 .'..`...i.Y.....
0x01b4f0f8: 00000000 0000f060 01b4f108 05591b5c ....`.......\.Y.
0x01b4f108: 01b4f138 05591aff ffff0f13 00150f34 8.....Y.....4...
0x01b4f118: 00000112 0000f060 00000000 00000000 ....`...........
0x01b4f128: 101f4060 04f9dd20 fffffecd 043a0008 `@.. .........:.
0x01b4f138: 01b4f168 043a007c 04f9dd20 00150f34 h...|.:. ...4...
0x01b4f148: 00000112 0000f060 00000000 00000047 ....`.......G...
0x01b4f158: 00000000 01b4f534 00000000 00000000 ....4...........
0x01b4f168: 01b4f194 74d1d2b3 00150f34 00000112 .......t4.......
0x01b4f178: 0000f060 00000000 0000f060 dcbaabcd `.......`.......
0x01b4f188: 043a0008 00000000 0000f060 01b4f27c ..:.....`...|...
0x01b4f198: 74cfe88a 043a0008 00150f34 00000112 ...t..:.4.......
0x01b4f1a8: 0000f060 00000000 e9e97ba2 043a0008 `........{....:.
0x01b4f1b8: 00150f34 00000112 00000000 e9e97bde 4............{..
0x01b4f1c8: 002310b4 00000000 00000047 e9e978a2 ..#.....G....x..
0x01b4f1d8: 00000000 00000024 00000001 00000000 ....$...........
0x01b4f1e8: 00000000 00000070 ffffffff ffffffff ....p...........
0x01b4f1f8: 74cfe71c 00000024 00000001 00000000 ...t$...........
0x01b4f208: 00000000 00000030 ffffffff ffffffff ....0...........
0x01b4f218: 74cfe71c 00000000 00000000 00000000 ...t............
0x01b4f228: 00000000 00000000 00000000 043a0008 ..............:.
0x01b4f238: 00000000 021609f8 00000000 00000011 ................
0x01b4f248: 00000000 00000000 00000011 00000000 ................
0x01b4f258: 00000001 00150f34 e9e97ba2 000b04e2 ....4....{......
0x01b4f268: 02440760 01b4f470 74d215b0 9c84c65e `.D.p......t^...
0x01b4f278: 00000000 01b4f2b8 74d10128 043a0008 ........(..t..:.
0x01b4f288: 00000000 00000112 0000f060 00000000 ........`.......
0x01b4f298: 00000000 00000000 0000f060 00000112 ........`.......
0x01b4f2a8: 00000000 74cffb41 00000000 e9e97b66 ....A..t....f{..
0x01b4f2b8: 01b4f308 05591b8c 043a0008 00150f34 ......Y...:.4...
0x01b4f2c8: 00000112 0000f060 00000000 fffffffe ....`...........
0x01b4f2d8: 00000000 e9e97b26 01b4f308 038b2830 ....&{......0(..
0x01b4f2e8: 038b27d8 0000f060 05591b69 00000112 .'..`...i.Y.....
0x01b4f2f8: 00000000 0000f060 01b4f308 05591b5c ....`.......\.Y.
0x01b4f308: 01b4f338 05591aff 043a0008 00150f34 8.....Y...:.4...
0x01b4f318: 00000112 0000f060 00000000 00000003 ....`...........
0x01b4f328: 101f4060 04f9dc30 fffffecd 043a01d0 `@..0.........:.
0x01b4f338: 01b4f36c 043a0244 04f9dc30 00150f34 l...D.:.0...4...
0x01b4f348: 00000112 0000f060 00000000 00000112 ....`...........
0x01b4f358: 0000f060 00000000 00000000 000004b0 `...............
0x01b4f368: 00000000 01b4f398 74d1d2b3 00150f34 ...........t4...
0x01b4f378: 00000112 0000f060 00000000 0000f060 ....`.......`...
0x01b4f388: dcbaabcd 043a01d0 00000000 0000f060 ......:.....`...
0x01b4f398: 01b4f480 74cfe88a 043a01d0 00150f34 .......t..:.4...
0x01b4f3a8: 00000112 0000f060 00000000 e9e97d5e ....`.......^}..
0x01b4f3b8: 00000000 00000000 00000112 00000080 ................
0x01b4f3c8: 00000040 ee1cfd94 731376a0 006a2000 @........v.s. j.
0x01b4f3d8: 00000000 01b4f408 00000004 00000024 ............$...
0x01b4f3e8: 00000001 00000000 00000000 00000070 ............p...
0x01b4f3f8: ffffffff ffffffff 00000024 00000001 ........$.......
0x01b4f408: 00000000 00000000 00000030 ffffffff ........0.......
0x01b4f418: ffffffff 74cfe71c 00000000 00000000 .......t........
0x01b4f428: 00000000 00000000 00000000 00000000 ................
0x01b4f438: 043a01d0 00000000 021609f8 00000000 ..:.............
0x01b4f448: 80000011 00000001 00000000 80000011 ................
0x01b4f458: 00000000 00000001 00150f34 e9e97d5e ........4...^}..
0x01b4f468: 01b4f4ac 73137d28 01b4f4d0 74d215b0 ....(}.s.......t
0x01b4f478: 9c84c65e 00000000 01b4f4e0 74cfe4c0 ^..............t
0x01b4f488: 043a01d0 00000000 00000112 0000f060 ..:.........`...
0x01b4f498: 00000000 006a2000 00000001 e9e97d3e ..... j.....>}..
0x01b4f4a8: 74d12480 772c24b0 00000004 00000000 .$.t.$,w........
0x01b4f4b8: 00000001 00000000 00150f34 00000000 ........4.......
0x01b4f4c8: 01b4f4a4 00000000 01b4f530 74d215b0 ........0......t
0x01b4f4d8: 9c84c6be fffffffe 01b4f520 74d08b09 ........ ......t
0x01b4f4e8: 023e60d0 00000000 00000112 0000f060 .`>.........`...
0x01b4f4f8: 00000000 043a01d0 01b4f5a4 00000000 ......:.........
0x01b4f508: 00000000 00000000 00000000 00000000 ................
0x01b4f518: 00000000 e9e97cfe 01b4f584 772b08c6 .....|........+w
0x01b4f528: 01b4f53c 00000020 01b4f794 772b0810 <... .........+w
0x01b4f538: 01b4f55c 023e60d0 00000000 00000112 \....`>.........
0x01b4f548: 0000f060 00000000 043a01d0 772c24b0 `.........:..$,w
0x01b4f558: 00000000 74d124d3 01b4f5a4 00000000 .....$.t........
0x01b4f568: 00000000 00000000 00000004 74d12480 .............$.t
0x01b4f578: 74d06760 00000004 00000004 01b4f5c4 `g.t............
0x01b4f588: 00ec82d1 01b4f5a4 00000000 00000000 ................
0x01b4f598: 00000000 00000000 00000001 00150f34 ............4...
0x01b4f5a8: 000000ff 00000001 001f0d99 01421c15 ..............B.
0x01b4f5b8: 000002b4 000002c8 00000768 01b4f6fc ........h.......
0x01b4f5c8: 00ecaa17 00fa2a7b 00000000 006a1000 ....{*........j.
0x01b4f5d8: 0392f9d0 77299cab 73238c2d 00000400 ......)w-.#s....
0x01b4f5e8: 00000059 0000005f 03882240 0392f970 Y..._...@"..p...
0x01b4f5f8: 7fffffff 01b4f62c 00fc1323 0000005e ....,...#...^...
0x01b4f608: 0000005f 0000000f 0000000f 7fffffff _...............
0x01b4f618: 00000000 01833ae0 03881810 0000000f .....:..........
0x01b4f628: 01b4f600 01b4f65c 00fbec6f 03882240 ....\...o...@"..
0x01b4f638: 017a5b48 0000000f 01b4f64c 7fffffff H[z.....L.......
0x01b4f648: 0392fc70 01833ae0 03881810 038805a8 p....:..........
0x01b4f658: 0000005f 0000005f 00fb001e 0392fd90 _..._...........
0x01b4f668: 017a5b48 0000000f 00000000 00000050 H[z.........P...
0x01b4f678: 0000005f 01833ae0 616e614d 00646567 _....:..Managed.
0x01b4f688: 6c65746e 00000000 00000007 0000000f ntel............
0x01b4f698: 01b4f6d0 03917b50 03917b88 03917b88 ....P{...{...{..
0x01b4f6a8: 00000000 03734ec0 65646900 646e6957 .....Ns..ideWind
0x01b4f6b8: 6c00776f 01b4006c 00000000 0000000f ow.ll...........
0x01b4f6c8: 00000000 00000000 65726100 5748746e .........arentHW
0x01b4f6d8: 0000444e 01ca2480 00000000 0000000f ND...$..........
0x01b4f6e8: 00000000 03734ec0 03734f00 00000000 .....Ns..Os.....
0x01b4f6f8: 006a1001 01b4f714 00f6a158 00810000 ..j.....X.......
0x01b4f708: 00000000 01ca2482 00000001 01b4f7a4 .....$..........
0x01b4f718: 00fa2a28 00810000 00000000 01ca2482 (*...........$..
0x01b4f728: 00000001 2a35b819 00fa2a7b 00fa2a7b ......5*{*..{*..
0x01b4f738: 006a1000 00000044 01ca0ffa 01ca0fda ..j.D...........
0x01b4f748: 01ca0f3a 00000000 00000000 00000000 :...............
0x01b4f758: 00000000 00000000 00000000 00000000 ................
0x01b4f768: 00000401 00000001 00000000 00000000 ................
0x01b4f778: 00010001 00000000 01b4f790 00fa2a7b ............{*..
0x01b4f788: 00000000 01b4f72c 08b663e3 01b4f7f0 ....,....c......
0x01b4f798: 00fa4380 2a000a2d 00000000 01b4f7b8 .C..-..*........
0x01b4f7a8: 76e262c4 006a1000 76e262a0 ebdd99d6 .b.v..j..b.v....
0x01b4f7b8: 01b4f800 772a0fd9 006a1000 ea04891a ......*w..j.....
0x01b4f7c8: 00000000 00000000 006a1000 00000000 ..........j.....
0x01b4f7d8: 00000000 00000000 00000000 ea04891a ................
0x01b4f7e8: 01b4f7c4 00000000 01b4f808 772b67b0 .............g+w
0x01b4f7f8: 9c83f60a 00000000 01b4f810 772a0fa4 ..............*w
0x01b4f808: ffffffff 772c2ef4 00000000 00000000 ......,w........
0x01b4f818: 00fa2a7b 006a1000 00000000 00000000 {*....j.........
0x01b4f828: 00000000 00000000 00000000 00000000 ................
0x01b4f838: 00000000 00000000 00000000 00000000 ................
0x01b4f848: 00000000 00000000 00000000 00000000 ................
0x01b4f858: 00000000 00000000 00000000 00000000 ................
0x01b4f868: 00000000 00000000 00000000 00000000 ................
0x01b4f878: 00000000 00000000 00000000 00000000 ................
0x01b4f888: 00000000 00000000 00000000 00000000 ................
0x01b4f898: 00000000 00000000 00000000 00000000 ................
0x01b4f8a8: 00000000 00000000 00000000 00000000 ................
0x01b4f8b8: 00000000 00000000 00000000 00000000 ................
0x01b4f8c8: 00000000 00000000 00000000 00000000 ................
0x01b4f8d8: 00000000 00000000 00000000 00000000 ................
0x01b4f8e8: 00000000 00000000 00000000 00000000 ................
0x01b4f8f8: 00000000 00000000 00000000 00000000 ................
0x01b4f908: 00000000 00000000 00000000 00000000 ................
0x01b4f918: 00000000 00000000 00000000 00000000 ................
0x01b4f928: 00000000 00000000 00000000 00000000 ................
0x01b4f938: 00000000 00000000 00000000 00000000 ................
0x01b4f948: 00000000 00000000 00000000 00000000 ................
0x01b4f958: 00000000 00000000 00000000 00000000 ................
0x01b4f968: 00000000 00000000 00000000 00000000 ................
0x01b4f978: 00000000 00000000 00000000 00000000 ................
0x01b4f988: 00000000 00000000 00000000 00000000 ................
0x01b4f998: 00000000 00000000 00000000 00000000 ................
0x01b4f9a8: 00000000 00000000 00000000 00000000 ................
0x01b4f9b8: 00000000 00000000 00000000 00000000 ................
0x01b4f9c8: 00000000 00000000 00000000 00000000 ................
0x01b4f9d8: 00000000 00000000 00000000 00000000 ................
0x01b4f9e8: 00000000 00000000 00000000 00000000 ................
0x01b4f9f8: 00000000 00000000 00000000 00000000 ................
0x01b4fa08: 00000000 00000000 00000000 00000000 ................
0x01b4fa18: 00000000 00000000 00000000 00000000 ................
0x01b4fa28: 00000000 00000000 00000000 00000000 ................
0x01b4fa38: 00000000 00000000 00000000 00000000 ................
0x01b4fa48: 00000000 00000000 00000000 00000000 ................
0x01b4fa58: 00000000 00000000 00000000 00000000 ................
0x01b4fa68: 00000000 00000000 00000000 00000000 ................
0x01b4fa78: 00000000 00000000 00000000 00000000 ................
0x01b4fa88: 00000000 00000000 00000000 00000000 ................
0x01b4fa98: 00000000 00000000 00000000 00000000 ................
0x01b4faa8: 00000000 00000000 00000000 00000000 ................
0x01b4fab8: 00000000 00000000 00000000 00000000 ................
0x01b4fac8: 00000000 00000000 00000000 00000000 ................
0x01b4fad8: 00000000 00000000 00000000 00000000 ................
0x01b4fae8: 00000000 00000000 00000000 00000000 ................
0x01b4faf8: 00000000 00000000 00000000 00000000 ................
0x01b4fb08: 00000000 00000000 00000000 00000000 ................
0x01b4fb18: 00000000 00000000 00000000 00000000 ................
0x01b4fb28: 00000000 00000000 00000000 00000000 ................
0x01b4fb38: 00000000 00000000 00000000 00000000 ................
0x01b4fb48: 00000000 00000000 00000000 00000000 ................
0x01b4fb58: 00000000 00000000 00000000 00000000 ................
0x01b4fb68: 00000000 00000000 00000000 00000000 ................
0x01b4fb78: 00000000 00000000 00000000 00000000 ................
0x01b4fb88: 00000000 00000000 00000000 00000000 ................
0x01b4fb98: 00000000 00000000 00000000 00000000 ................
0x01b4fba8: 00000000 00000000 00000000 00000000 ................
0x01b4fbb8: 00000000 00000000 00000000 00000000 ................
0x01b4fbc8: 00000000 00000000 00000000 00000000 ................
0x01b4fbd8: 00000000 00000000 00000000 00000000 ................
0x01b4fbe8: 00000000 00000000 00000000 00000000 ................
0x01b4fbf8: 00000000 00000000 00000000 00000000 ................
0x01b4fc08: 00000000 00000000 00000000 00000000 ................
0x01b4fc18: 00000000 00000000 00000000 00000000 ................
0x01b4fc28: 00000000 00000000 00000000 00000000 ................
0x01b4fc38: 00000000 00000000 00000000 00000000 ................
0x01b4fc48: 00000000 00000000 00000000 00000000 ................
0x01b4fc58: 00000000 00000000 00000000 00000000 ................
0x01b4fc68: 00000000 00000000 00000000 00000000 ................
0x01b4fc78: 00000000 00000000 00000000 00000000 ................
0x01b4fc88: 00000000 00000000 00000000 00000000 ................
0x01b4fc98: 00000000 00000000 00000000 00000000 ................
0x01b4fca8: 00000000 00000000 00000000 00000000 ................
0x01b4fcb8: 00000000 00000000 00000000 00000000 ................
0x01b4fcc8: 00000000 00000000 00000000 00000000 ................
0x01b4fcd8: 00000000 00000000 00000000 00000000 ................
0x01b4fce8: 00000000 00000000 00000000 00000000 ................
0x01b4fcf8: 00000000 00000000 00000000 00000000 ................
0x01b4fd08: 00000000 00000000 00000000 00000000 ................
0x01b4fd18: 00000000 00000000 00000000 00000000 ................
0x01b4fd28: 00000000 00000000 00000000 00000000 ................
0x01b4fd38: 00000000 00000000 00000000 00000000 ................
0x01b4fd48: 00000000 00000000 00000000 00000000 ................
0x01b4fd58: 00000000 00000000 00000000 00000000 ................
0x01b4fd68: 00000000 00000000 00000000 00000000 ................
0x01b4fd78: 00000000 00000000 00000000 00000000 ................
0x01b4fd88: 00000000 00000000 00000000 00000000 ................
0x01b4fd98: 00000000 00000000 00000000 00000000 ................
0x01b4fda8: 00000000 00000000 00000000 00000000 ................
0x01b4fdb8: 00000000 00000000 00000000 00000000 ................
0x01b4fdc8: 00000000 00000000 00000000 00000000 ................
0x01b4fdd8: 00000000 00000000 00000000 00000000 ................
0x01b4fde8: 00000000 00000000 00000000 00000000 ................
0x01b4fdf8: 00000000 00000000 00000000 00000000 ................
0x01b4fe08: 00000000 00000000 00000000 00000000 ................
0x01b4fe18: 00000000 00000000 00000000 00000000 ................
0x01b4fe28: 00000000 00000000 00000000 00000000 ................
0x01b4fe38: 00000000 00000000 00000000 00000000 ................
0x01b4fe48: 00000000 00000000 00000000 00000000 ................
0x01b4fe58: 00000000 00000000 00000000 00000000 ................
0x01b4fe68: 00000000 00000000 00000000 00000000 ................
0x01b4fe78: 00000000 00000000 00000000 00000000 ................
0x01b4fe88: 00000000 00000000 00000000 00000000 ................
0x01b4fe98: 00000000 00000000 00000000 00000000 ................
0x01b4fea8: 00000000 00000000 00000000 00000000 ................
0x01b4feb8: 00000000 00000000 00000000 00000000 ................
0x01b4fec8: 00000000 00000000 00000000 00000000 ................
0x01b4fed8: 00000000 00000000 00000000 00000000 ................
0x01b4fee8: 00000000 00000000 00000000 00000000 ................
0x01b4fef8: 00000000 00000000 00000000 00000000 ................
0x01b4ff08: 00000000 00000000 00000000 00000000 ................
0x01b4ff18: 00000000 00000000 00000000 00000000 ................
0x01b4ff28: 00000000 00000000 00000000 00000000 ................
0x01b4ff38: 00000000 00000000 00000000 00000000 ................
0x01b4ff48: 00000000 00000000 00000000 00000000 ................
0x01b4ff58: 00000000 00000000 00000000 00000000 ................
0x01b4ff68: 00000000 00000000 00000000 00000000 ................
0x01b4ff78: 00000000 00000000 00000000 00000000 ................
0x01b4ff88: 00000000 00000000 00000000 00000000 ................
0x01b4ff98: 00000000 00000000 00000000 00000000 ................
0x01b4ffa8: 00000000 00000000 00000000 00000000 ................
0x01b4ffb8: 00000000 00000000 00000000 00000000 ................
0x01b4ffc8: 00000000 00000000 00000000 00000000 ................
0x01b4ffd8: 00000000 00000000 00000000 00000000 ................
0x01b4ffe8: 00000000 00000000 00000000 00000000 ................
0x01b4fff8: 00000000 00000000                   ........

Module 1
C:\Users\User\Documents\GitHub\maggies-story\maggiesstory\firstBuild_Maggie.exe
Image Base: 0x00810000  Image Size: 0x01231000
File Size:  18212864    File Time:  2017-01-19_081158
Version:
   Company:    
   Product:    
   FileDesc:   
   FileVer:    5.5.1.53258
   ProdVer:    5.5.1.53258

Module 2
C:\Users\User\Documents\GitHub\maggies-story\maggiesstory\firstBuild_Maggie_Data\Mono\mono.dll
Image Base: 0x10000000  Image Size: 0x00231000
File Size:  2115008     File Time:  2017-01-19_082456
Version:
   Company:    Unity Technologies
   Product:    libmono
   FileDesc:   Unity Technologies fork of mono runtime
   FileVer:    1.0.0.1
   ProdVer:    1.0.0.1

Module 3
C:\WINDOWS\SYSTEM32\atidxx32.dll
Image Base: 0x517a0000  Image Size: 0x00996000
File Size:  10288368    File Time:  2015-10-08_223918
Version:
   Company:    Advanced Micro Devices, Inc. 
   Product:    Advanced Micro Devices, Inc. Radeon DirectX 11 Driver
   FileDesc:   atidxx32.dll
   FileVer:    8.17.10.625
   ProdVer:    8.17.10.625

Module 4
C:\WINDOWS\SYSTEM32\aticfx32.dll
Image Base: 0x5b7c0000  Image Size: 0x00127000
File Size:  1238224     File Time:  2015-10-08_223916
Version:
   Company:    Advanced Micro Devices, Inc. 
   Product:    AMD Inc. Radeon DirectX 11 Driver
   FileDesc:   aticfx32.dll
   FileVer:    8.17.10.1404
   ProdVer:    8.17.10.1404

Module 5
C:\Windows\System32\uiautomationcore.dll
Image Base: 0x5cf40000  Image Size: 0x00152000
File Size:  1357824     File Time:  2016-11-11_031528
Version:
   Company:    Microsoft Corporation
   Product:    Microsoft® Windows® Operating System
   FileDesc:   Microsoft UI Automation Core
   FileVer:    7.2.14393.479
   ProdVer:    10.0.14393.479

Module 6
C:\WINDOWS\SYSTEM32\twinapi.dll
Image Base: 0x5e600000  Image Size: 0x0006c000
File Size:  422400      File Time:  2017-03-04_020126
Version:
   Company:    Microsoft Corporation
   Product:    Microsoft® Windows® Operating System
   FileDesc:   twinapi
   FileVer:    10.0.14393.953
   ProdVer:    10.0.14393.953

Module 7
C:\WINDOWS\SYSTEM32\MSACM32.dll
Image Base: 0x61560000  Image Size: 0x00018000
File Size:  90912       File Time:  2016-07-16_074250
Version:
   Company:    Microsoft Corporation
   Product:    Microsoft® Windows® Operating System
   FileDesc:   Microsoft ACM Audio Filter
   FileVer:    10.0.14393.0
   ProdVer:    10.0.14393.0

Module 8
C:\WINDOWS\SYSTEM32\wdmaud.drv
Image Base: 0x61580000  Image Size: 0x00039000
File Size:  207360      File Time:  2016-07-16_074250
Version:
   Company:    Microsoft Corporation
   Product:    Microsoft® Windows® Operating System
   FileDesc:   Winmm  audio system driver
   FileVer:    10.0.14393.0
   ProdVer:    10.0.14393.0

Module 9
C:\WINDOWS\SYSTEM32\atiuxpag.dll
Image Base: 0x615c0000  Image Size: 0x00023000
File Size:  153104      File Time:  2015-10-08_223918
Version:
   Company:    Advanced Micro Devices, Inc. 
   Product:    Advanced Micro Devices, Inc PowerXpress Vista DX10 User Mode Driver
   FileDesc:   atiuxpag.dll
   FileVer:    8.14.1.6463
   ProdVer:    8.14.1.6463

Module 10
C:\WINDOWS\SYSTEM32\DDRAW.dll
Image Base: 0x615f0000  Image Size: 0x000ed000
File Size:  548352      File Time:  2017-03-04_021812
Version:
   Company:    Microsoft Corporation
   Product:    Microsoft® Windows® Operating System
   FileDesc:   Microsoft DirectDraw
   FileVer:    10.0.14393.953
   ProdVer:    10.0.14393.953

Module 11
C:\WINDOWS\SYSTEM32\GLU32.dll
Image Base: 0x616e0000  Image Size: 0x00025000
File Size:  141312      File Time:  2016-07-16_074306
Version:
   Company:    Microsoft Corporation
   Product:    Microsoft® Windows® Operating System
   FileDesc:   OpenGL Utility Library DLL
   FileVer:    10.0.14393.0
   ProdVer:    10.0.14393.0

Module 12
C:\WINDOWS\SYSTEM32\OPENGL32.dll
Image Base: 0x61710000  Image Size: 0x000e0000
File Size:  786944      File Time:  2016-07-16_074306
Version:
   Company:    Microsoft Corporation
   Product:    Microsoft® Windows® Operating System
   FileDesc:   OpenGL Client DLL
   FileVer:    10.0.14393.0
   ProdVer:    10.0.14393.0

Module 13
C:\WINDOWS\SYSTEM32\sxs.dll
Image Base: 0x66e10000  Image Size: 0x00081000
File Size:  524776      File Time:  2016-07-16_074258
Version:
   Company:    Microsoft Corporation
   Product:    Microsoft® Windows® Operating System
   FileDesc:   Fusion 2.5
   FileVer:    10.0.14393.0
   ProdVer:    10.0.14393.0

Module 14
C:\WINDOWS\SYSTEM32\d3d11.dll
Image Base: 0x66f20000  Image Size: 0x00230000
File Size:  2277288     File Time:  2017-03-04_025414
Version:
   Company:    Microsoft Corporation
   Product:    Microsoft® Windows® Operating System
   FileDesc:   Direct3D 11 Runtime
   FileVer:    10.0.14393.953
   ProdVer:    10.0.14393.953

Module 15
C:\WINDOWS\SYSTEM32\DNSAPI.dll
Image Base: 0x67350000  Image Size: 0x0007d000
File Size:  497416      File Time:  2017-03-04_030934
Version:
   Company:    Microsoft Corporation
   Product:    Microsoft® Windows® Operating System
   FileDesc:   DNS Client API DLL
   FileVer:    10.0.14393.953
   ProdVer:    10.0.14393.953

Module 16
C:\WINDOWS\SYSTEM32\dxgi.dll
Image Base: 0x673d0000  Image Size: 0x00083000
File Size:  524776      File Time:  2017-03-04_025404
Version:
   Company:    Microsoft Corporation
   Product:    Microsoft® Windows® Operating System
   FileDesc:   DirectX Graphics Infrastructure
   FileVer:    10.0.14393.953
   ProdVer:    10.0.14393.953

Module 17
C:\WINDOWS\SYSTEM32\midimap.dll
Image Base: 0x6b180000  Image Size: 0x00008000
File Size:  18944       File Time:  2016-07-16_074250
Version:
   Company:    Microsoft Corporation
   Product:    Microsoft® Windows® Operating System
   FileDesc:   Microsoft MIDI Mapper
   FileVer:    10.0.14393.0
   ProdVer:    10.0.14393.0

Module 18
C:\WINDOWS\System32\fwpuclnt.dll
Image Base: 0x6b250000  Image Size: 0x00049000
File Size:  279040      File Time:  2016-07-16_074256
Version:
   Company:    Microsoft Corporation
   Product:    Microsoft® Windows® Operating System
   FileDesc:   FWP/IPsec User-Mode API
   FileVer:    10.0.14393.0
   ProdVer:    10.0.14393.0

Module 19
C:\WINDOWS\SYSTEM32\msacm32.drv
Image Base: 0x6b310000  Image Size: 0x0000a000
File Size:  24576       File Time:  2016-07-16_074250
Version:
   Company:    Microsoft Corporation
   Product:    Microsoft® Windows® Operating System
   FileDesc:   Microsoft Sound Mapper
   FileVer:    10.0.14393.0
   ProdVer:    10.0.14393.0

Module 20
C:\WINDOWS\SYSTEM32\ksuser.dll
Image Base: 0x6e860000  Image Size: 0x00007000
File Size:  20672       File Time:  2016-07-16_074250
Version:
   Company:    Microsoft Corporation
   Product:    Microsoft® Windows® Operating System
   FileDesc:   User CSA Library
   FileVer:    10.0.14393.0
   ProdVer:    10.0.14393.0

Module 21
C:\WINDOWS\SYSTEM32\DCIMAN32.dll
Image Base: 0x6ea40000  Image Size: 0x00007000
File Size:  11776       File Time:  2016-07-16_074250
Version:
   Company:    Microsoft Corporation
   Product:    Microsoft® Windows® Operating System
   FileDesc:   DCI Manager
   FileVer:    10.0.14393.0
   ProdVer:    10.0.14393.0

Module 22
C:\Windows\System32\OLEACC.dll
Image Base: 0x6ea70000  Image Size: 0x00054000
File Size:  325120      File Time:  2017-03-04_022022
Version:
   Company:    Microsoft Corporation
   Product:    Microsoft® Windows® Operating System
   FileDesc:   Active Accessibility Core Component
   FileVer:    7.2.14393.953
   ProdVer:    10.0.14393.953

Module 23
C:\WINDOWS\SYSTEM32\HID.DLL
Image Base: 0x6ead0000  Image Size: 0x0000a000
File Size:  25600       File Time:  2016-07-16_074250
Version:
   Company:    Microsoft Corporation
   Product:    Microsoft® Windows® Operating System
   FileDesc:   Hid User Library
   FileVer:    10.0.14393.0
   ProdVer:    10.0.14393.0

Module 24
C:\Program Files (x86)\Bonjour\mdnsNSP.dll
Image Base: 0x6eae0000  Image Size: 0x00021000
File Size:  122128      File Time:  2015-08-12_160338
Version:
   Company:    Apple Inc.
   Product:    Bonjour
   FileDesc:   Bonjour Namespace Provider
   FileVer:    3.1.0.1
   ProdVer:    3.1.0.1

Module 25
C:\WINDOWS\SYSTEM32\dbghelp.dll
Image Base: 0x6f110000  Image Size: 0x00145000
File Size:  1220608     File Time:  2016-07-16_074258
Version:
   Company:    Microsoft
   Product:    Microsoft® Windows® Operating System
   FileDesc:   Windows Image Helper
   FileVer:    10.0.14321.1024
   ProdVer:    10.0.14321.1024

Module 26
C:\WINDOWS\system32\dwmapi.dll
Image Base: 0x6fde0000  Image Size: 0x0001f000
File Size:  113504      File Time:  2016-09-15_131352
Version:
   Company:    Microsoft Corporation
   Product:    Microsoft® Windows® Operating System
   FileDesc:   Microsoft Desktop Window Manager API
   FileVer:    10.0.14393.206
   ProdVer:    10.0.14393.206

Module 27
C:\WINDOWS\SYSTEM32\WINMMBASE.dll
Image Base: 0x704f0000  Image Size: 0x00023000
File Size:  131208      File Time:  2016-07-16_074250
Version:
   Company:    Microsoft Corporation
   Product:    Microsoft® Windows® Operating System
   FileDesc:   Base Multimedia Extension API DLL
   FileVer:    10.0.14393.0
   ProdVer:    10.0.14393.0

Module 28
C:\WINDOWS\SYSTEM32\WINMM.dll
Image Base: 0x70520000  Image Size: 0x00024000
File Size:  135376      File Time:  2016-07-16_074250
Version:
   Company:    Microsoft Corporation
   Product:    Microsoft® Windows® Operating System
   FileDesc:   MCI API DLL
   FileVer:    10.0.14393.0
   ProdVer:    10.0.14393.0

Module 29
C:\Windows\System32\rasadhlp.dll
Image Base: 0x70860000  Image Size: 0x00008000
File Size:  13312       File Time:  2016-07-16_074302
Version:
   Company:    Microsoft Corporation
   Product:    Microsoft® Windows® Operating System
   FileDesc:   Remote Access AutoDial Helper
   FileVer:    10.0.14393.0
   ProdVer:    10.0.14393.0

Module 30
C:\WINDOWS\System32\PROPSYS.dll
Image Base: 0x70f60000  Image Size: 0x0014f000
File Size:  1375456     File Time:  2016-07-16_074256
Version:
   Company:    Microsoft Corporation
   Product:    Windows® Search
   FileDesc:   Microsoft Property System
   FileVer:    7.0.14393.0
   ProdVer:    7.0.14393.0

Module 31
C:\WINDOWS\system32\uxtheme.dll
Image Base: 0x719e0000  Image Size: 0x00075000
File Size:  457728      File Time:  2016-07-16_074306
Version:
   Company:    Microsoft Corporation
   Product:    Microsoft® Windows® Operating System
   FileDesc:   Microsoft UxTheme Library
   FileVer:    10.0.14393.0
   ProdVer:    10.0.14393.0

Module 32
C:\WINDOWS\WinSxS\x86_microsoft.windows.common-controls_6595b64144ccf1df_6.0.14393.953_none_89c2555adb023171\comctl32.dll
Image Base: 0x71a70000  Image Size: 0x0020a000
File Size:  2121568     File Time:  2017-03-04_024648
Version:
   Company:    Microsoft Corporation
   Product:    Microsoft® Windows® Operating System
   FileDesc:   User Experience Controls Library
   FileVer:    6.10.14393.953
   ProdVer:    10.0.14393.953

Module 33
C:\WINDOWS\System32\MMDevApi.dll
Image Base: 0x722a0000  Image Size: 0x00058000
File Size:  352760      File Time:  2017-03-04_024734
Version:
   Company:    Microsoft Corporation
   Product:    Microsoft® Windows® Operating System
   FileDesc:   MMDevice API
   FileVer:    10.0.14393.953
   ProdVer:    10.0.14393.953

Module 34
C:\WINDOWS\SYSTEM32\wintypes.dll
Image Base: 0x72300000  Image Size: 0x000cf000
File Size:  846560      File Time:  2017-03-04_025046
Version:
   Company:    Microsoft Corporation
   Product:    Microsoft® Windows® Operating System
   FileDesc:   Windows Base Types DLL
   FileVer:    10.0.14393.953
   ProdVer:    10.0.14393.953

Module 35
C:\WINDOWS\SYSTEM32\AUDIOSES.DLL
Image Base: 0x723d0000  Image Size: 0x0007b000
File Size:  484584      File Time:  2017-03-04_035742
Version:
   Company:    Microsoft Corporation
   Product:    Microsoft® Windows® Operating System
   FileDesc:   Audio Session
   FileVer:    10.0.14393.953
   ProdVer:    10.0.14393.953

Module 36
C:\WINDOWS\System32\DEVOBJ.dll
Image Base: 0x72460000  Image Size: 0x00022000
File Size:  132232      File Time:  2016-07-16_074256
Version:
   Company:    Microsoft Corporation
   Product:    Microsoft® Windows® Operating System
   FileDesc:   Device Information Set DLL
   FileVer:    10.0.14393.0
   ProdVer:    10.0.14393.0

Module 37
C:\WINDOWS\SYSTEM32\ntmarta.dll
Image Base: 0x72ff0000  Image Size: 0x00028000
File Size:  154432      File Time:  2016-07-16_074256
Version:
   Company:    Microsoft Corporation
   Product:    Microsoft® Windows® Operating System
   FileDesc:   Windows NT MARTA provider
   FileVer:    10.0.14393.0
   ProdVer:    10.0.14393.0

Module 38
C:\WINDOWS\SYSTEM32\twinapi.appcore.dll
Image Base: 0x73020000  Image Size: 0x000f1000
File Size:  975744      File Time:  2017-03-04_025310
Version:
   Company:    Microsoft Corporation
   Product:    Microsoft® Windows® Operating System
   FileDesc:   twinapi.appcore
   FileVer:    10.0.14393.953
   ProdVer:    10.0.14393.953

Module 39
C:\Program Files (x86)\Common Files\Microsoft Shared\Ink\tiptsf.dll
Image Base: 0x73120000  Image Size: 0x0007b000
File Size:  491872      File Time:  2016-09-15_131812
Version:
   Company:    Microsoft Corporation
   Product:    Microsoft® Windows® Operating System
   FileDesc:   Touch Keyboard and Handwriting Panel Text Services Framework
   FileVer:    10.0.14393.206
   ProdVer:    10.0.14393.206

Module 40
C:\WINDOWS\SYSTEM32\AVRT.dll
Image Base: 0x73200000  Image Size: 0x00009000
File Size:  29448       File Time:  2016-07-16_074250
Version:
   Company:    Microsoft Corporation
   Product:    Microsoft® Windows® Operating System
   FileDesc:   Multimedia Realtime Runtime
   FileVer:    10.0.14393.0
   ProdVer:    10.0.14393.0

Module 41
C:\WINDOWS\system32\wbem\fastprox.dll
Image Base: 0x73350000  Image Size: 0x000c2000
File Size:  779776      File Time:  2016-07-16_074258
Version:
   Company:    Microsoft Corporation
   Product:    Microsoft® Windows® Operating System
   FileDesc:   WMI Custom Marshaller
   FileVer:    10.0.14393.0
   ProdVer:    10.0.14393.0

Module 42
C:\WINDOWS\system32\wbem\wbemsvc.dll
Image Base: 0x73420000  Image Size: 0x00010000
File Size:  48640       File Time:  2016-07-16_074258
Version:
   Company:    Microsoft Corporation
   Product:    Microsoft® Windows® Operating System
   FileDesc:   WMI
   FileVer:    10.0.14393.0
   ProdVer:    10.0.14393.0

Module 43
C:\WINDOWS\SYSTEM32\wbemcomn.dll
Image Base: 0x73430000  Image Size: 0x00067000
File Size:  391168      File Time:  2016-07-16_074258
Version:
   Company:    Microsoft Corporation
   Product:    Microsoft® Windows® Operating System
   FileDesc:   WMI
   FileVer:    10.0.14393.0
   ProdVer:    10.0.14393.0

Module 44
C:\WINDOWS\system32\wbem\wbemprox.dll
Image Base: 0x734a0000  Image Size: 0x0000d000
File Size:  35328       File Time:  2016-07-16_074258
Version:
   Company:    Microsoft Corporation
   Product:    Microsoft® Windows® Operating System
   FileDesc:   WMI
   FileVer:    10.0.14393.0
   ProdVer:    10.0.14393.0

Module 45
C:\WINDOWS\system32\rsaenh.dll
Image Base: 0x734b0000  Image Size: 0x0002f000
File Size:  184416      File Time:  2016-07-16_074256
Version:
   Company:    Microsoft Corporation
   Product:    Microsoft® Windows® Operating System
   FileDesc:   Microsoft Enhanced Cryptographic Provider
   FileVer:    10.0.14393.0
   ProdVer:    10.0.14393.0

Module 46
C:\WINDOWS\SYSTEM32\CRYPTSP.dll
Image Base: 0x734e0000  Image Size: 0x00013000
File Size:  68720       File Time:  2016-07-16_074256
Version:
   Company:    Microsoft Corporation
   Product:    Microsoft® Windows® Operating System
   FileDesc:   Cryptographic Service Provider API
   FileVer:    10.0.14393.0
   ProdVer:    10.0.14393.0

Module 47
C:\WINDOWS\SYSTEM32\bcrypt.dll
Image Base: 0x736c0000  Image Size: 0x0001b000
File Size:  106896      File Time:  2016-12-09_060100
Version:
   Company:    Microsoft Corporation
   Product:    Microsoft® Windows® Operating System
   FileDesc:   Windows Cryptographic Primitives Library
   FileVer:    10.0.14393.576
   ProdVer:    10.0.14393.576

Module 48
C:\WINDOWS\SYSTEM32\MSWSOCK.dll
Image Base: 0x736e0000  Image Size: 0x0004e000
File Size:  306016      File Time:  2016-07-16_074256
Version:
   Company:    Microsoft Corporation
   Product:    Microsoft® Windows® Operating System
   FileDesc:   Microsoft Windows Sockets 2.0 Service Provider
   FileVer:    10.0.14393.0
   ProdVer:    10.0.14393.0

Module 49
C:\WINDOWS\SYSTEM32\dhcpcsvc.DLL
Image Base: 0x73730000  Image Size: 0x00014000
File Size:  63488       File Time:  2016-07-16_074256
Version:
   Company:    Microsoft Corporation
   Product:    Microsoft® Windows® Operating System
   FileDesc:   DHCP Client Service
   FileVer:    10.0.14393.0
   ProdVer:    10.0.14393.0

Module 50
C:\WINDOWS\SYSTEM32\WINHTTP.dll
Image Base: 0x73760000  Image Size: 0x000a0000
File Size:  636928      File Time:  2017-03-04_021630
Version:
   Company:    Microsoft Corporation
   Product:    Microsoft® Windows® Operating System
   FileDesc:   Windows HTTP Services
   FileVer:    10.0.14393.953
   ProdVer:    10.0.14393.953

Module 51
C:\Windows\System32\USERENV.dll
Image Base: 0x73800000  Image Size: 0x0001a000
File Size:  94568       File Time:  2016-07-16_074256
Version:
   Company:    Microsoft Corporation
   Product:    Microsoft® Windows® Operating System
   FileDesc:   Userenv
   FileVer:    10.0.14393.0
   ProdVer:    10.0.14393.0

Module 52
C:\WINDOWS\SYSTEM32\dhcpcsvc6.DLL
Image Base: 0x73bb0000  Image Size: 0x00013000
File Size:  57344       File Time:  2016-07-16_074256
Version:
   Company:    Microsoft Corporation
   Product:    Microsoft® Windows® Operating System
   FileDesc:   DHCPv6 Client
   FileVer:    10.0.14393.0
   ProdVer:    10.0.14393.0

Module 53
C:\WINDOWS\SYSTEM32\IPHLPAPI.DLL
Image Base: 0x73cb0000  Image Size: 0x0002f000
File Size:  184416      File Time:  2017-03-04_030254
Version:
   Company:    Microsoft Corporation
   Product:    Microsoft® Windows® Operating System
   FileDesc:   IP Helper API
   FileVer:    10.0.14393.953
   ProdVer:    10.0.14393.953

Module 54
C:\WINDOWS\SYSTEM32\VERSION.dll
Image Base: 0x73ce0000  Image Size: 0x00008000
File Size:  27360       File Time:  2016-07-16_074306
Version:
   Company:    Microsoft Corporation
   Product:    Microsoft® Windows® Operating System
   FileDesc:   Version Checking and File Installation Libraries
   FileVer:    10.0.14393.0
   ProdVer:    10.0.14393.0

Module 55
C:\WINDOWS\System32\CRYPTBASE.dll
Image Base: 0x73cf0000  Image Size: 0x0000a000
File Size:  31528       File Time:  2016-07-16_074250
Version:
   Company:    Microsoft Corporation
   Product:    Microsoft® Windows® Operating System
   FileDesc:   Base cryptographic API DLL
   FileVer:    10.0.14393.0
   ProdVer:    10.0.14393.0

Module 56
C:\WINDOWS\System32\SspiCli.dll
Image Base: 0x73d00000  Image Size: 0x0001e000
File Size:  117240      File Time:  2016-12-09_055110
Version:
   Company:    Microsoft Corporation
   Product:    Microsoft® Windows® Operating System
   FileDesc:   Security Support Provider Interface
   FileVer:    10.0.14393.576
   ProdVer:    10.0.14393.576

Module 57
C:\WINDOWS\System32\sechost.dll
Image Base: 0x73d20000  Image Size: 0x00041000
File Size:  255168      File Time:  2016-07-16_074250
Version:
   Company:    Microsoft Corporation
   Product:    Microsoft® Windows® Operating System
   FileDesc:   Host for SCM/SDDL/LSA Lookup APIs
   FileVer:    10.0.14393.0
   ProdVer:    10.0.14393.0

Module 58
C:\WINDOWS\System32\bcryptPrimitives.dll
Image Base: 0x73d70000  Image Size: 0x0005a000
File Size:  367208      File Time:  2016-07-16_074228
Version:
   Company:    Microsoft Corporation
   Product:    Microsoft® Windows® Operating System
   FileDesc:   Windows Cryptographic Primitives Library
   FileVer:    10.0.14393.0
   ProdVer:    10.0.14393.0

Module 59
C:\WINDOWS\System32\ucrtbase.dll
Image Base: 0x73dd0000  Image Size: 0x000e0000
File Size:  918304      File Time:  2016-07-16_074256
Version:
   Company:    Microsoft Corporation
   Product:    Microsoft® Windows® Operating System
   FileDesc:   Microsoft® C Runtime Library
   FileVer:    10.0.14393.0
   ProdVer:    10.0.14393.0

Module 60
C:\WINDOWS\System32\KERNELBASE.dll
Image Base: 0x73eb0000  Image Size: 0x001a1000
File Size:  1706488     File Time:  2017-03-04_030638
Version:
   Company:    Microsoft Corporation
   Product:    Microsoft® Windows® Operating System
   FileDesc:   Windows NT BASE API Client DLL
   FileVer:    10.0.14393.953
   ProdVer:    10.0.14393.953

Module 61
C:\WINDOWS\System32\ole32.dll
Image Base: 0x740c0000  Image Size: 0x000ea000
File Size:  959112      File Time:  2016-12-09_055616
Version:
   Company:    Microsoft Corporation
   Product:    Microsoft® Windows® Operating System
   FileDesc:   Microsoft OLE for Windows
   FileVer:    10.0.14393.576
   ProdVer:    10.0.14393.576

Module 62
C:\WINDOWS\System32\GDI32.dll
Image Base: 0x741b0000  Image Size: 0x0002b000
File Size:  170960      File Time:  2016-09-15_132320
Version:
   Company:    Microsoft Corporation
   Product:    Microsoft® Windows® Operating System
   FileDesc:   GDI Client DLL
   FileVer:    10.0.14393.206
   ProdVer:    10.0.14393.206

Module 63
C:\WINDOWS\System32\RPCRT4.dll
Image Base: 0x741e0000  Image Size: 0x000c1000
File Size:  790760      File Time:  2016-09-16_140506
Version:
   Company:    Microsoft Corporation
   Product:    Microsoft® Windows® Operating System
   FileDesc:   Remote Procedure Call Runtime
   FileVer:    10.0.14393.82
   ProdVer:    10.0.14393.82

Module 64
C:\WINDOWS\System32\IMM32.dll
Image Base: 0x742b0000  Image Size: 0x00025000
File Size:  144632      File Time:  2016-07-16_074250
Version:
   Company:    Microsoft Corporation
   Product:    Microsoft® Windows® Operating System
   FileDesc:   Multi-User Windows IMM32 API Client DLL
   FileVer:    10.0.14393.0
   ProdVer:    10.0.14393.0

Module 65
C:\WINDOWS\System32\win32u.dll
Image Base: 0x742e0000  Image Size: 0x00015000
File Size:  79536       File Time:  2016-09-16_140456
Version:
   Company:    Microsoft Corporation
   Product:    Microsoft® Windows® Operating System
   FileDesc:   Win32u
   FileVer:    10.0.14393.51
   ProdVer:    10.0.14393.51

Module 66
C:\WINDOWS\System32\msvcrt.dll
Image Base: 0x74320000  Image Size: 0x000be000
File Size:  773168      File Time:  2016-07-16_074250
Version:
   Company:    Microsoft Corporation
   Product:    Microsoft® Windows® Operating System
   FileDesc:   Windows NT CRT DLL
   FileVer:    7.0.14393.0
   ProdVer:    10.0.14393.0

Module 67
C:\WINDOWS\System32\powrprof.dll
Image Base: 0x743e0000  Image Size: 0x00045000
File Size:  275832      File Time:  2016-07-16_074256
Version:
   Company:    Microsoft Corporation
   Product:    Microsoft® Windows® Operating System
   FileDesc:   Power Profile Helper DLL
   FileVer:    10.0.14393.0
   ProdVer:    10.0.14393.0

Module 68
C:\WINDOWS\System32\msvcp_win.dll
Image Base: 0x74430000  Image Size: 0x0007b000
File Size:  498408      File Time:  2016-07-16_074256
Version:
   Company:    Microsoft Corporation
   Product:    Microsoft® Windows® Operating System
   FileDesc:   Microsoft® C Runtime Library
   FileVer:    10.0.14393.0
   ProdVer:    10.0.14393.0

Module 69
C:\WINDOWS\System32\NSI.dll
Image Base: 0x744b0000  Image Size: 0x00007000
File Size:  20152       File Time:  2016-07-16_074228
Version:
   Company:    Microsoft Corporation
   Product:    Microsoft® Windows® Operating System
   FileDesc:   NSI User-mode interface DLL
   FileVer:    10.0.14393.0
   ProdVer:    10.0.14393.0

Module 70
C:\WINDOWS\System32\clbcatq.dll
Image Base: 0x744c0000  Image Size: 0x00084000
File Size:  528360      File Time:  2016-07-16_074248
Version:
   Company:    Microsoft Corporation
   Product:    Microsoft® Windows® Operating System
   FileDesc:   COM+ Configuration Catalog
   FileVer:    2001.12.10941.16384
   ProdVer:    10.0.14393.0

Module 71
C:\WINDOWS\System32\shcore.dll
Image Base: 0x74550000  Image Size: 0x00088000
File Size:  549088      File Time:  2017-03-04_025300
Version:
   Company:    Microsoft Corporation
   Product:    Microsoft® Windows® Operating System
   FileDesc:   SHCORE
   FileVer:    10.0.14393.953
   ProdVer:    10.0.14393.953

Module 72
C:\WINDOWS\System32\PSAPI.DLL
Image Base: 0x746d0000  Image Size: 0x00006000
File Size:  17048       File Time:  2016-07-16_074246
Version:
   Company:    Microsoft Corporation
   Product:    Microsoft® Windows® Operating System
   FileDesc:   Process Status Helper
   FileVer:    10.0.14393.0
   ProdVer:    10.0.14393.0

Module 73
C:\WINDOWS\System32\windows.storage.dll
Image Base: 0x746e0000  Image Size: 0x0056e000
File Size:  5722320     File Time:  2017-03-04_025320
Version:
   Company:    Microsoft Corporation
   Product:    Microsoft® Windows® Operating System
   FileDesc:   Microsoft WinRT Storage API
   FileVer:    10.0.14393.953
   ProdVer:    10.0.14393.953

Module 74
C:\WINDOWS\System32\USER32.dll
Image Base: 0x74cf0000  Image Size: 0x0015f000
File Size:  1435896     File Time:  2016-12-09_055222
Version:
   Company:    Microsoft Corporation
   Product:    Microsoft® Windows® Operating System
   FileDesc:   Multi-User Windows USER API Client DLL
   FileVer:    10.0.14393.576
   ProdVer:    10.0.14393.576

Module 75
C:\WINDOWS\System32\SHELL32.dll
Image Base: 0x74e50000  Image Size: 0x013d9000
File Size:  20969928    File Time:  2017-03-04_024726
Version:
   Company:    Microsoft Corporation
   Product:    Microsoft® Windows® Operating System
   FileDesc:   Windows Shell Common Dll
   FileVer:    10.0.14393.953
   ProdVer:    10.0.14393.953

Module 76
C:\WINDOWS\System32\kernel.appcore.dll
Image Base: 0x76410000  Image Size: 0x0000d000
File Size:  43416       File Time:  2016-07-16_074256
Version:
   Company:    Microsoft Corporation
   Product:    Microsoft® Windows® Operating System
   FileDesc:   AppModel API Host
   FileVer:    10.0.14393.0
   ProdVer:    10.0.14393.0

Module 77
C:\WINDOWS\System32\profapi.dll
Image Base: 0x76420000  Image Size: 0x0000f000
File Size:  54752       File Time:  2016-07-16_074250
Version:
   Company:    Microsoft Corporation
   Product:    Microsoft® Windows® Operating System
   FileDesc:   User Profile Basic API
   FileVer:    10.0.14393.0
   ProdVer:    10.0.14393.0

Module 78
C:\WINDOWS\System32\combase.dll
Image Base: 0x76430000  Image Size: 0x00211000
File Size:  2166752     File Time:  2016-12-09_055926
Version:
   Company:    Microsoft Corporation
   Product:    Microsoft® Windows® Operating System
   FileDesc:   Microsoft COM for Windows
   FileVer:    10.0.14393.576
   ProdVer:    10.0.14393.576

Module 79
C:\WINDOWS\System32\ADVAPI32.dll
Image Base: 0x766b0000  Image Size: 0x00077000
File Size:  482392      File Time:  2016-07-16_074250
Version:
   Company:    Microsoft Corporation
   Product:    Microsoft® Windows® Operating System
   FileDesc:   Advanced Windows 32 Base API
   FileVer:    10.0.14393.0
   ProdVer:    10.0.14393.0

Module 80
C:\WINDOWS\System32\OLEAUT32.dll
Image Base: 0x76740000  Image Size: 0x00094000
File Size:  601712      File Time:  2016-11-02_072300
Version:
   Company:    Microsoft Corporation
   Product:    Microsoft® Windows® Operating System
   FileDesc:   OLEAUT32.DLL
   FileVer:    10.0.14393.447
   ProdVer:    10.0.14393.447

Module 81
C:\WINDOWS\System32\SHLWAPI.dll
Image Base: 0x76bf0000  Image Size: 0x00046000
File Size:  284056      File Time:  2016-07-16_074304
Version:
   Company:    Microsoft Corporation
   Product:    Microsoft® Windows® Operating System
   FileDesc:   Shell Light-weight Utility Library
   FileVer:    10.0.14393.0
   ProdVer:    10.0.14393.0

Module 82
C:\WINDOWS\System32\WS2_32.dll
Image Base: 0x76c40000  Image Size: 0x00063000
File Size:  402352      File Time:  2016-09-15_133706
Version:
   Company:    Microsoft Corporation
   Product:    Microsoft® Windows® Operating System
   FileDesc:   Windows Socket 2.0 32-Bit DLL
   FileVer:    10.0.14393.206
   ProdVer:    10.0.14393.206

Module 83
C:\WINDOWS\System32\gdi32full.dll
Image Base: 0x76cb0000  Image Size: 0x0015b000
File Size:  1415240     File Time:  2017-03-04_024240
Version:
   Company:    Microsoft Corporation
   Product:    Microsoft® Windows® Operating System
   FileDesc:   GDI Client DLL
   FileVer:    10.0.14393.953
   ProdVer:    10.0.14393.953

Module 84
C:\WINDOWS\System32\KERNEL32.DLL
Image Base: 0x76e10000  Image Size: 0x000e0000
File Size:  616048      File Time:  2016-07-16_074246
Version:
   Company:    Microsoft Corporation
   Product:    Microsoft® Windows® Operating System
   FileDesc:   Windows NT BASE API Client DLL
   FileVer:    10.0.14393.0
   ProdVer:    10.0.14393.0

Module 85
C:\WINDOWS\System32\MSCTF.dll
Image Base: 0x76ef0000  Image Size: 0x00135000
File Size:  1260784     File Time:  2017-03-04_024230
Version:
   Company:    Microsoft Corporation
   Product:    Microsoft® Windows® Operating System
   FileDesc:   MSCTF Server DLL
   FileVer:    10.0.14393.953
   ProdVer:    10.0.14393.953

Module 86
C:\WINDOWS\System32\cfgmgr32.dll
Image Base: 0x77030000  Image Size: 0x00036000
File Size:  213848      File Time:  2016-07-16_074256
Version:
   Company:    Microsoft Corporation
   Product:    Microsoft® Windows® Operating System
   FileDesc:   Configuration Manager DLL
   FileVer:    10.0.14393.0
   ProdVer:    10.0.14393.0

Module 87
C:\WINDOWS\SYSTEM32\ntdll.dll
Image Base: 0x77240000  Image Size: 0x00183000
File Size:  1572768     File Time:  2016-11-11_040000
Version:
   Company:    Microsoft Corporation
   Product:    Microsoft® Windows® Operating System
   FileDesc:   NT Layer DLL
   FileVer:    10.0.14393.479
   ProdVer:    10.0.14393.479


== [end of error.log] ==
